<?xml version="1.0" encoding="UTF-8"?>
<!-- Generated by org.testng.reporters.JUnitXMLReporter -->
<testsuite ignored="1" hostname="DESKTOP-B5L4A4H" failures="1" tests="1" name="Test(failed)" time="0.12" errors="0" timestamp="2023-03-09T14:04:08 IST">
  <testcase classname="selenium_Prog_Practice.testNg_Class2" name="TC3" time="0.025">
    <failure type="java.lang.AssertionError" message="null">
      <![CDATA[java.lang.AssertionError: null
at selenium_Prog_Practice.testNg_Class2.TC3(testNg_Class2.java:13)
at java.base/java.util.ArrayList.forEach(ArrayList.java:1511)
... Removed 27 stack frames]]>
    </failure>
  </testcase> <!-- TC3 -->
  <testcase classname="selenium_Prog_Practice.testNg_Class2" name="TC4" time="0.0">
    <ignored/>
  </testcase> <!-- TC4 -->
</testsuite> <!-- Test(failed) -->
